<?xml version="1.0" encoding="UTF-8"?>
<!-- Generated by org.testng.reporters.JUnitXMLReporter -->
<testsuite hostname="HP-PC" ignored="0" name="Default test" tests="2" failures="0" timestamp="15 Mar 2019 20:00:37 GMT" time="0.105" errors="0">
  <testcase name="test_CreateAccount" time="0.0" classname="testClasses.CreateAccountTest">
    <skipped/>
  </testcase> <!-- test_CreateAccount -->
  <testcase name="test_ParentAccountLinkage" time="0.0" classname="testClasses.CreateAccountTest">
    <skipped/>
  </testcase> <!-- test_ParentAccountLinkage -->
</testsuite> <!-- Default test -->
