<?xml version="1.0" encoding="UTF-8"?>
<!-- Generated by org.testng.reporters.JUnitXMLReporter -->
<testsuite hostname="HP-PC" ignored="3" tests="0" failures="0" timestamp="01 Mar 2019 19:21:32 GMT" time="0.009" errors="0">
  <testcase name="test_listShortcutNames" time="0.0" classname="testClasses.basicTests">
    <ignored/>
  </testcase> <!-- test_listShortcutNames -->
  <testcase name="test_CreateLeadForm" time="0.0" classname="testClasses.basicTests">
    <ignored/>
  </testcase> <!-- test_CreateLeadForm -->
  <testcase name="test_DisplayCreateLead" time="0.0" classname="testClasses.basicTests">
    <ignored/>
  </testcase> <!-- test_DisplayCreateLead -->
</testsuite>
