<?xml version="1.0" encoding="UTF-8"?>
<!-- Generated by org.testng.reporters.JUnitXMLReporter -->
<testsuite hostname="HP-PC" ignored="1" name="Login test" tests="1" failures="0" timestamp="01 Mar 2019 19:21:41 GMT" time="8.533" errors="0">
  <testcase name="test_loginPositiveData" time="1.03" classname="testClasses.LoginTest"/>
  <testcase name="test_VerifyAppDownErrorMessage" time="0.0" classname="testClasses.LoginTest">
    <ignored/>
  </testcase> <!-- test_VerifyAppDownErrorMessage -->
</testsuite> <!-- Login test -->
