<?xml version="1.0" encoding="UTF-8"?>
<!-- Generated by org.testng.reporters.JUnitXMLReporter -->
<testsuite hostname="HP-PC" ignored="7" name="All tests" tests="1" failures="0" timestamp="05 Mar 2019 19:13:35 GMT" time="13.025" errors="0">
  <testcase name="test_loginPositiveData" time="0.0" classname="testClasses.LoginTest">
    <skipped/>
  </testcase> <!-- test_loginPositiveData -->
  <testcase name="test_VerifyAppDownErrorMessage" time="0.0" classname="testClasses.LoginTest">
    <ignored/>
  </testcase> <!-- test_VerifyAppDownErrorMessage -->
  <testcase name="test_VerifyOK" time="0.0" classname="testClasses.AlertTests">
    <ignored/>
  </testcase> <!-- test_VerifyOK -->
  <testcase name="test_VerifyAlertText" time="0.0" classname="testClasses.AlertTests">
    <ignored/>
  </testcase> <!-- test_VerifyAlertText -->
  <testcase name="test_loginPositiveData1" time="0.0" classname="testClasses.LoginTest">
    <ignored/>
  </testcase> <!-- test_loginPositiveData1 -->
  <testcase name="test_listShortcutNames" time="0.0" classname="testClasses.basicTests">
    <ignored/>
  </testcase> <!-- test_listShortcutNames -->
  <testcase name="test_CreateLeadForm" time="0.0" classname="testClasses.basicTests">
    <ignored/>
  </testcase> <!-- test_CreateLeadForm -->
  <testcase name="test_DisplayCreateLead" time="0.0" classname="testClasses.basicTests">
    <ignored/>
  </testcase> <!-- test_DisplayCreateLead -->
</testsuite> <!-- All tests -->
