<?xml version="1.0" encoding="UTF-8"?>
<!-- Generated by org.testng.reporters.JUnitXMLReporter -->
<testsuite hostname="HP-PC" ignored="4" name="Test leaf tests" tests="1" failures="0" timestamp="01 Mar 2019 20:31:20 GMT" time="8.51" errors="0">
  <testcase name="test_loginPositiveData" time="1.176" classname="testClasses.LoginTest"/>
  <testcase name="test_VerifyAppDownErrorMessage" time="0.0" classname="testClasses.LoginTest">
    <ignored/>
  </testcase> <!-- test_VerifyAppDownErrorMessage -->
  <testcase name="test_listShortcutNames" time="0.0" classname="testClasses.basicTests">
    <ignored/>
  </testcase> <!-- test_listShortcutNames -->
  <testcase name="test_CreateLeadForm" time="0.0" classname="testClasses.basicTests">
    <ignored/>
  </testcase> <!-- test_CreateLeadForm -->
  <testcase name="test_DisplayCreateLead" time="0.0" classname="testClasses.basicTests">
    <ignored/>
  </testcase> <!-- test_DisplayCreateLead -->
</testsuite> <!-- Test leaf tests -->
