<?xml version="1.0" encoding="UTF-8"?>
<!-- Generated by org.testng.reporters.JUnitXMLReporter -->
<testsuite hostname="HP-PC" ignored="0" name="All tests" tests="3" failures="0" timestamp="10 Mar 2019 19:35:08 GMT" time="48.925" errors="0">
  <testcase name="test_CreateLeadForm" time="9.589" classname="testClasses.CreateLeadTest"/>
  <testcase name="test_CreateLeadForm" time="8.888" classname="testClasses.CreateLeadTest"/>
  <testcase name="test_CreateLeadForm" time="8.776" classname="testClasses.CreateLeadTest"/>
</testsuite> <!-- All tests -->
