<?xml version="1.0" encoding="UTF-8"?>
<testng-results skipped="0" failed="0" ignored="1" total="2" passed="1">
  <reporter-output>
  </reporter-output>
  <suite name="createAccount" duration-ms="206615" started-at="2019-04-03T16:24:09Z" finished-at="2019-04-03T16:27:35Z">
    <groups>
    </groups>
    <test name="All tests" duration-ms="206615" started-at="2019-04-03T16:24:09Z" finished-at="2019-04-03T16:27:35Z">
      <class name="testClasses.CreateAccountTest">
        <test-method status="PASS" signature="beforeSuite()[pri:0, instance:testClasses.CreateAccountTest@7193666c]" name="beforeSuite" is-config="true" duration-ms="452" started-at="2019-04-03T16:24:08Z" finished-at="2019-04-03T16:24:09Z">
          <reporter-output>
          </reporter-output>
        </test-method> <!-- beforeSuite -->
        <test-method status="PASS" signature="startApp(java.lang.String, java.lang.String, java.lang.reflect.Method)[pri:0, instance:testClasses.CreateAccountTest@7193666c]" name="startApp" is-config="true" duration-ms="9023" started-at="2019-04-03T16:24:09Z" finished-at="2019-04-03T16:24:18Z">
          <params>
            <param index="0">
              <value>
                <![CDATA[http://leaftaps.com/opentaps]]>
              </value>
            </param>
            <param index="1">
              <value>
                <![CDATA[chrome]]>
              </value>
            </param>
            <param index="2">
              <value>
                <![CDATA[public void testClasses.CreateAccountTest.test_CreateAccount(java.util.LinkedHashMap)]]>
              </value>
            </param>
          </params>
          <reporter-output>
          </reporter-output>
        </test-method> <!-- startApp -->
        <test-method status="PASS" signature="test_CreateAccount(java.util.LinkedHashMap)[pri:0, instance:testClasses.CreateAccountTest@7193666c]" name="test_CreateAccount" duration-ms="17252" started-at="2019-04-03T16:24:18Z" data-provider="ReadCSV_getRowDataForRowName" finished-at="2019-04-03T16:24:35Z">
          <params>
            <param index="0">
              <value>
                <![CDATA[{testname=test_CreateAccount, username=DemoSalesManager, password=crmsfa, accountName=nilofur, localName=sakee, annualRevenue=100000, industry=Media, areaCode=603103, eMail=sakee22naz@gmail.com, phoneNum=13456789, webUrl=www.poiurs.com, address=padur, city=kanchipuram, postalCode=603110, Country=AUS, state=AU-VIC, accountID=11591}]]>
              </value>
            </param>
          </params>
          <reporter-output>
          </reporter-output>
        </test-method> <!-- test_CreateAccount -->
        <test-method status="PASS" signature="EndApp()[pri:0, instance:testClasses.CreateAccountTest@7193666c]" name="EndApp" is-config="true" duration-ms="180281" started-at="2019-04-03T16:24:35Z" finished-at="2019-04-03T16:27:35Z">
          <reporter-output>
          </reporter-output>
        </test-method> <!-- EndApp -->
        <test-method status="PASS" signature="afterSuite()[pri:0, instance:testClasses.CreateAccountTest@7193666c]" name="afterSuite" is-config="true" duration-ms="5" started-at="2019-04-03T16:27:35Z" finished-at="2019-04-03T16:27:35Z">
          <reporter-output>
          </reporter-output>
        </test-method> <!-- afterSuite -->
      </class> <!-- testClasses.CreateAccountTest -->
    </test> <!-- All tests -->
  </suite> <!-- createAccount -->
</testng-results>
