<?xml version="1.0" encoding="UTF-8"?>
<!-- Generated by org.testng.reporters.JUnitXMLReporter -->
<testsuite hostname="MIbrahim-LT" ignored="1" name="All tests" tests="1" failures="0" timestamp="03 Apr 2019 16:27:35 GMT" time="206.615" errors="0">
  <testcase name="test_CreateAccount" time="17.252" classname="testClasses.CreateAccountTest"/>
  <testcase name="test_ParentAccountLinkage" time="0.0" classname="testClasses.CreateAccountTest">
    <ignored/>
  </testcase> <!-- test_ParentAccountLinkage -->
</testsuite> <!-- All tests -->
